<?xml version="1.0" encoding="UTF-8"?>
<coverage generated="1615803450">
  <project timestamp="1615803450">
    <package name="Gin0115\WPUnit_Helpers">
      <file name="/shared/httpd/woo1/htdocs/wp-content/plugins/WPUnit_Helpers/src/Objects.php">
        <class name="Gin0115\WPUnit_Helpers\Objects" namespace="Gin0115\WPUnit_Helpers">
          <metrics complexity="3" methods="3" coveredmethods="3" conditionals="0" coveredconditionals="0" statements="13" coveredstatements="13" elements="16" coveredelements="16"/>
        </class>
        <line num="39" type="method" name="get_property" visibility="public" complexity="1" crap="1" count="13"/>
        <line num="40" type="stmt" count="13"/>
        <line num="41" type="stmt" count="13"/>
        <line num="42" type="stmt" count="13"/>
        <line num="43" type="stmt" count="13"/>
        <line num="54" type="method" name="invoke_method" visibility="public" complexity="1" crap="1" count="6"/>
        <line num="55" type="stmt" count="6"/>
        <line num="56" type="stmt" count="6"/>
        <line num="57" type="stmt" count="6"/>
        <line num="59" type="stmt" count="6"/>
        <line num="70" type="method" name="set_property" visibility="public" complexity="1" crap="1" count="6"/>
        <line num="71" type="stmt" count="6"/>
        <line num="72" type="stmt" count="6"/>
        <line num="73" type="stmt" count="6"/>
        <line num="74" type="stmt" count="6"/>
        <line num="76" type="stmt" count="6"/>
        <metrics loc="78" ncloc="35" classes="1" methods="3" coveredmethods="3" conditionals="0" coveredconditionals="0" statements="13" coveredstatements="13" elements="16" coveredelements="16"/>
      </file>
      <file name="/shared/httpd/woo1/htdocs/wp-content/plugins/WPUnit_Helpers/src/Output.php">
        <class name="Gin0115\WPUnit_Helpers\Output" namespace="Gin0115\WPUnit_Helpers">
          <metrics complexity="3" methods="2" coveredmethods="2" conditionals="0" coveredconditionals="0" statements="8" coveredstatements="8" elements="10" coveredelements="10"/>
        </class>
        <line num="23" type="method" name="println" visibility="public" complexity="1" crap="1" count="4"/>
        <line num="24" type="stmt" count="4"/>
        <line num="25" type="stmt" count="4"/>
        <line num="33" type="method" name="buffer" visibility="public" complexity="2" crap="2" count="2"/>
        <line num="34" type="stmt" count="2"/>
        <line num="35" type="stmt" count="2"/>
        <line num="36" type="stmt" count="2"/>
        <line num="37" type="stmt" count="2"/>
        <line num="38" type="stmt" count="2"/>
        <line num="39" type="stmt" count="2"/>
        <metrics loc="41" ncloc="20" classes="1" methods="2" coveredmethods="2" conditionals="0" coveredconditionals="0" statements="8" coveredstatements="8" elements="10" coveredelements="10"/>
      </file>
      <file name="/shared/httpd/woo1/htdocs/wp-content/plugins/WPUnit_Helpers/src/Utils.php">
        <class name="Gin0115\WPUnit_Helpers\Utils" namespace="Gin0115\WPUnit_Helpers">
          <metrics complexity="15" methods="3" coveredmethods="3" conditionals="0" coveredconditionals="0" statements="25" coveredstatements="25" elements="28" coveredelements="28"/>
        </class>
        <line num="30" type="method" name="array_map_with" visibility="public" complexity="2" crap="2" count="28"/>
        <line num="31" type="stmt" count="28"/>
        <line num="32" type="stmt" count="28"/>
        <line num="33" type="stmt" count="28"/>
        <line num="35" type="stmt" count="28"/>
        <line num="44" type="method" name="recursive_rmdir" visibility="public" complexity="8" crap="8" count="3"/>
        <line num="45" type="stmt" count="3"/>
        <line num="46" type="stmt" count="2"/>
        <line num="49" type="stmt" count="2"/>
        <line num="50" type="stmt" count="2"/>
        <line num="51" type="stmt" count="2"/>
        <line num="52" type="stmt" count="2"/>
        <line num="54" type="stmt" count="2"/>
        <line num="58" type="stmt" count="2"/>
        <line num="59" type="stmt" count="2"/>
        <line num="61" type="stmt" count="2"/>
        <line num="63" type="stmt" count="3"/>
        <line num="71" type="method" name="get_subdirectories" visibility="public" complexity="5" crap="5" count="6"/>
        <line num="73" type="stmt" count="6"/>
        <line num="74" type="stmt" count="1"/>
        <line num="78" type="stmt" count="5"/>
        <line num="80" type="stmt" count="5"/>
        <line num="83" type="stmt" count="5"/>
        <line num="84" type="stmt" count="5"/>
        <line num="85" type="stmt" count="5"/>
        <line num="88" type="stmt" count="2"/>
        <line num="89" type="stmt" count="5"/>
        <line num="90" type="stmt" count="5"/>
        <metrics loc="92" ncloc="54" classes="1" methods="3" coveredmethods="3" conditionals="0" coveredconditionals="0" statements="25" coveredstatements="25" elements="28" coveredelements="28"/>
      </file>
    </package>
    <package name="Gin0115\WPUnit_Helpers\WP\Entities">
      <file name="/shared/httpd/woo1/htdocs/wp-content/plugins/WPUnit_Helpers/src/WP/Entities/Menu_Page_Entity.php">
        <class name="Gin0115\WPUnit_Helpers\WP\Entities\Menu_Page_Entity" namespace="Gin0115\WPUnit_Helpers\WP\Entities" fullPackage="Menu.Page">
          <metrics complexity="0" methods="0" coveredmethods="0" conditionals="0" coveredconditionals="0" statements="0" coveredstatements="0" elements="0" coveredelements="0"/>
        </class>
        <metrics loc="84" ncloc="30" classes="0" methods="0" coveredmethods="0" conditionals="0" coveredconditionals="0" statements="0" coveredstatements="0" elements="0" coveredelements="0"/>
      </file>
      <file name="/shared/httpd/woo1/htdocs/wp-content/plugins/WPUnit_Helpers/src/WP/Entities/Meta_Box_Entity.php">
        <class name="Gin0115\WPUnit_Helpers\WP\Entities\Meta_Box_Entity" namespace="Gin0115\WPUnit_Helpers\WP\Entities" fullPackage="Meta.Box">
          <metrics complexity="0" methods="0" coveredmethods="0" conditionals="0" coveredconditionals="0" statements="0" coveredstatements="0" elements="0" coveredelements="0"/>
        </class>
        <metrics loc="73" ncloc="28" classes="0" methods="0" coveredmethods="0" conditionals="0" coveredconditionals="0" statements="0" coveredstatements="0" elements="0" coveredelements="0"/>
      </file>
      <file name="/shared/httpd/woo1/htdocs/wp-content/plugins/WPUnit_Helpers/src/WP/Entities/Meta_Data_Entity.php">
        <class name="Gin0115\WPUnit_Helpers\WP\Entities\Meta_Data_Entity" namespace="Gin0115\WPUnit_Helpers\WP\Entities" fullPackage="Meta.Data">
          <metrics complexity="0" methods="0" coveredmethods="0" conditionals="0" coveredconditionals="0" statements="0" coveredstatements="0" elements="0" coveredelements="0"/>
        </class>
        <metrics loc="65" ncloc="28" classes="0" methods="0" coveredmethods="0" conditionals="0" coveredconditionals="0" statements="0" coveredstatements="0" elements="0" coveredelements="0"/>
      </file>
      <file name="/shared/httpd/woo1/htdocs/wp-content/plugins/WPUnit_Helpers/src/WP/Entities/Sub_Menu_Page_Entity.php">
        <class name="Gin0115\WPUnit_Helpers\WP\Entities\Sub_Menu_Page_Entity" namespace="Gin0115\WPUnit_Helpers\WP\Entities" fullPackage="Sub.Menu.Page">
          <metrics complexity="0" methods="0" coveredmethods="0" conditionals="0" coveredconditionals="0" statements="0" coveredstatements="0" elements="0" coveredelements="0"/>
        </class>
        <metrics loc="62" ncloc="20" classes="0" methods="0" coveredmethods="0" conditionals="0" coveredconditionals="0" statements="0" coveredstatements="0" elements="0" coveredelements="0"/>
      </file>
    </package>
    <file name="/shared/httpd/woo1/htdocs/wp-content/plugins/WPUnit_Helpers/src/WP/Entities/Menu_Page_Interface.php">
      <metrics loc="15" ncloc="8" classes="0" methods="0" coveredmethods="0" conditionals="0" coveredconditionals="0" statements="0" coveredstatements="0" elements="0" coveredelements="0"/>
    </file>
    <package name="Gin0115\WPUnit_Helpers\WP">
      <file name="/shared/httpd/woo1/htdocs/wp-content/plugins/WPUnit_Helpers/src/WP/Menu_Page_Inspector.php">
        <class name="Gin0115\WPUnit_Helpers\WP\Menu_Page_Inspector" namespace="Gin0115\WPUnit_Helpers\WP" fullPackage="Menu.Page">
          <metrics complexity="29" methods="15" coveredmethods="13" conditionals="0" coveredconditionals="0" statements="76" coveredstatements="74" elements="91" coveredelements="87"/>
        </class>
        <line num="71" type="method" name="initialise" visibility="public" complexity="1" crap="1" count="8"/>
        <line num="72" type="stmt" count="8"/>
        <line num="73" type="stmt" count="8"/>
        <line num="74" type="stmt" count="8"/>
        <line num="75" type="stmt" count="8"/>
        <line num="76" type="stmt" count="8"/>
        <line num="85" type="method" name="set_globals" visibility="public" complexity="4" crap="4.05" count="8"/>
        <line num="86" type="stmt" count="8"/>
        <line num="87" type="stmt" count="0"/>
        <line num="88" type="stmt" count="8"/>
        <line num="89" type="stmt" count="8"/>
        <line num="90" type="stmt" count="8"/>
        <line num="91" type="stmt" count="8"/>
        <line num="93" type="stmt" count="8"/>
        <line num="105" type="method" name="do_admin_menu" visibility="public" complexity="3" crap="3" count="8"/>
        <line num="106" type="stmt" count="8"/>
        <line num="107" type="stmt" count="8"/>
        <line num="109" type="stmt" count="8"/>
        <line num="117" type="method" name="menu_items_without_seperators" visibility="protected" complexity="2" crap="2" count="8"/>
        <line num="118" type="stmt" count="8"/>
        <line num="119" type="stmt" count="8"/>
        <line num="121" type="stmt" count="8"/>
        <line num="122" type="stmt" count="8"/>
        <line num="123" type="stmt" count="8"/>
        <line num="124" type="stmt" count="8"/>
        <line num="134" type="method" name="set_pages" visibility="public" complexity="2" crap="2" count="8"/>
        <line num="135" type="stmt" count="8"/>
        <line num="137" type="stmt" count="8"/>
        <line num="138" type="stmt" count="8"/>
        <line num="140" type="stmt" count="8"/>
        <line num="141" type="stmt" count="8"/>
        <line num="142" type="stmt" count="8"/>
        <line num="143" type="stmt" count="8"/>
        <line num="147" type="stmt" count="8"/>
        <line num="157" type="method" name="get_sub_pages" visibility="protected" complexity="3" crap="3.14" count="8"/>
        <line num="158" type="stmt" count="8"/>
        <line num="159" type="stmt" count="8"/>
        <line num="160" type="stmt" count="0"/>
        <line num="163" type="stmt" count="8"/>
        <line num="172" type="method" name="hydrate_parent_menu_page_entity" visibility="protected" complexity="1" crap="1" count="8"/>
        <line num="173" type="stmt" count="8"/>
        <line num="174" type="stmt" count="8"/>
        <line num="175" type="stmt" count="8"/>
        <line num="176" type="stmt" count="8"/>
        <line num="177" type="stmt" count="8"/>
        <line num="178" type="stmt" count="8"/>
        <line num="179" type="stmt" count="8"/>
        <line num="180" type="stmt" count="8"/>
        <line num="181" type="stmt" count="8"/>
        <line num="182" type="stmt" count="8"/>
        <line num="183" type="stmt" count="8"/>
        <line num="185" type="stmt" count="8"/>
        <line num="186" type="stmt" count="8"/>
        <line num="196" type="method" name="hydrate_child_menu_page_entity" visibility="protected" complexity="1" crap="1" count="8"/>
        <line num="197" type="stmt" count="8"/>
        <line num="199" type="stmt" count="8"/>
        <line num="200" type="stmt" count="8"/>
        <line num="201" type="stmt" count="8"/>
        <line num="202" type="stmt" count="8"/>
        <line num="203" type="stmt" count="8"/>
        <line num="204" type="stmt" count="8"/>
        <line num="205" type="stmt" count="8"/>
        <line num="206" type="stmt" count="8"/>
        <line num="207" type="stmt" count="8"/>
        <line num="208" type="stmt" count="8"/>
        <line num="209" type="stmt" count="8"/>
        <line num="210" type="stmt" count="8"/>
        <line num="219" type="method" name="get_all_child_pages" visibility="public" complexity="1" crap="1" count="5"/>
        <line num="220" type="stmt" count="5"/>
        <line num="221" type="stmt" count="5"/>
        <line num="230" type="method" name="find" visibility="public" complexity="2" crap="2" count="2"/>
        <line num="231" type="stmt" count="2"/>
        <line num="232" type="stmt" count="2"/>
        <line num="233" type="stmt" count="2"/>
        <line num="242" type="method" name="find_all" visibility="public" complexity="1" crap="1" count="1"/>
        <line num="243" type="stmt" count="1"/>
        <line num="244" type="stmt" count="1"/>
        <line num="245" type="stmt" count="1"/>
        <line num="246" type="stmt" count="1"/>
        <line num="256" type="method" name="find_parent" visibility="public" complexity="3" crap="3" count="2"/>
        <line num="257" type="stmt" count="2"/>
        <line num="258" type="stmt" count="2"/>
        <line num="267" type="method" name="find_child" visibility="public" complexity="2" crap="2" count="1"/>
        <line num="268" type="stmt" count="1"/>
        <line num="279" type="method" name="can_user_access_page" visibility="public" complexity="1" crap="1" count="1"/>
        <line num="280" type="stmt" count="1"/>
        <line num="295" type="method" name="render_page" visibility="public" complexity="2" crap="2" count="1"/>
        <line num="297" type="stmt" count="1"/>
        <line num="299" type="stmt" count="1"/>
        <line num="301" type="stmt" count="1"/>
        <line num="303" type="stmt" count="1"/>
        <metrics loc="304" ncloc="165" classes="1" methods="15" coveredmethods="13" conditionals="0" coveredconditionals="0" statements="76" coveredstatements="74" elements="91" coveredelements="87"/>
      </file>
      <file name="/shared/httpd/woo1/htdocs/wp-content/plugins/WPUnit_Helpers/src/WP/Meta_Box_Inspector.php">
        <class name="Gin0115\WPUnit_Helpers\WP\Meta_Box_Inspector" namespace="Gin0115\WPUnit_Helpers\WP" fullPackage="Meta.Box">
          <metrics complexity="18" methods="11" coveredmethods="11" conditionals="0" coveredconditionals="0" statements="51" coveredstatements="51" elements="62" coveredelements="62"/>
        </class>
        <line num="36" type="method" name="initialise" visibility="public" complexity="1" crap="1" count="1"/>
        <line num="37" type="stmt" count="1"/>
        <line num="38" type="stmt" count="1"/>
        <line num="39" type="stmt" count="1"/>
        <line num="48" type="method" name="from_global" visibility="public" complexity="2" crap="2" count="7"/>
        <line num="49" type="stmt" count="7"/>
        <line num="50" type="stmt" count="7"/>
        <line num="58" type="method" name="maybe_register" visibility="public" complexity="2" crap="2" count="7"/>
        <line num="59" type="stmt" count="7"/>
        <line num="60" type="stmt" count="1"/>
        <line num="62" type="stmt" count="7"/>
        <line num="70" type="method" name="set_meta_boxes" visibility="public" complexity="2" crap="2" count="6"/>
        <line num="71" type="stmt" count="6"/>
        <line num="72" type="stmt" count="6"/>
        <line num="73" type="stmt" count="6"/>
        <line num="74" type="stmt" count="6"/>
        <line num="77" type="stmt" count="6"/>
        <line num="87" type="method" name="map_position" visibility="protected" complexity="2" crap="2" count="6"/>
        <line num="88" type="stmt" count="6"/>
        <line num="89" type="stmt" count="6"/>
        <line num="90" type="stmt" count="6"/>
        <line num="91" type="stmt" count="6"/>
        <line num="92" type="stmt" count="6"/>
        <line num="95" type="stmt" count="6"/>
        <line num="106" type="method" name="map_priority" visibility="protected" complexity="2" crap="2" count="6"/>
        <line num="107" type="stmt" count="6"/>
        <line num="108" type="stmt" count="6"/>
        <line num="109" type="stmt" count="6"/>
        <line num="110" type="stmt" count="6"/>
        <line num="111" type="stmt" count="6"/>
        <line num="114" type="stmt" count="6"/>
        <line num="126" type="method" name="map_named_meta_boxes" visibility="protected" complexity="2" crap="2" count="6"/>
        <line num="132" type="stmt" count="6"/>
        <line num="134" type="stmt" count="6"/>
        <line num="135" type="stmt" count="6"/>
        <line num="136" type="stmt" count="6"/>
        <line num="137" type="stmt" count="6"/>
        <line num="138" type="stmt" count="6"/>
        <line num="140" type="stmt" count="6"/>
        <line num="141" type="stmt" count="6"/>
        <line num="142" type="stmt" count="6"/>
        <line num="143" type="stmt" count="6"/>
        <line num="144" type="stmt" count="6"/>
        <line num="145" type="stmt" count="6"/>
        <line num="147" type="stmt" count="6"/>
        <line num="148" type="stmt" count="6"/>
        <line num="149" type="stmt" count="6"/>
        <line num="150" type="stmt" count="6"/>
        <line num="151" type="stmt" count="6"/>
        <line num="152" type="stmt" count="6"/>
        <line num="162" type="method" name="for_post_types" visibility="public" complexity="1" crap="1" count="1"/>
        <line num="163" type="stmt" count="1"/>
        <line num="164" type="stmt" count="1"/>
        <line num="165" type="stmt" count="1"/>
        <line num="176" type="method" name="find" visibility="public" complexity="2" crap="2" count="2"/>
        <line num="177" type="stmt" count="2"/>
        <line num="186" type="method" name="filter" visibility="public" complexity="1" crap="1" count="1"/>
        <line num="187" type="stmt" count="1"/>
        <line num="198" type="method" name="render_meta_box" visibility="public" complexity="1" crap="1" count="1"/>
        <line num="199" type="stmt" count="1"/>
        <line num="200" type="stmt" count="1"/>
        <line num="201" type="stmt" count="1"/>
        <metrics loc="203" ncloc="118" classes="1" methods="11" coveredmethods="11" conditionals="0" coveredconditionals="0" statements="51" coveredstatements="51" elements="62" coveredelements="62"/>
      </file>
      <file name="/shared/httpd/woo1/htdocs/wp-content/plugins/WPUnit_Helpers/src/WP/Meta_Data_Inspector.php">
        <class name="Gin0115\WPUnit_Helpers\WP\Meta_Data_Inspector" namespace="Gin0115\WPUnit_Helpers\WP" fullPackage="Meta.Data">
          <metrics complexity="21" methods="11" coveredmethods="11" conditionals="0" coveredconditionals="0" statements="74" coveredstatements="74" elements="85" coveredelements="85"/>
        </class>
        <line num="50" type="method" name="initialise" visibility="public" complexity="1" crap="1" count="10"/>
        <line num="51" type="stmt" count="10"/>
        <line num="52" type="stmt" count="10"/>
        <line num="53" type="stmt" count="10"/>
        <line num="61" type="method" name="set_registered_meta_data" visibility="public" complexity="3" crap="3" count="11"/>
        <line num="63" type="stmt" count="11"/>
        <line num="64" type="stmt" count="11"/>
        <line num="66" type="stmt" count="11"/>
        <line num="67" type="stmt" count="11"/>
        <line num="70" type="stmt" count="11"/>
        <line num="73" type="stmt" count="11"/>
        <line num="84" type="method" name="map_meta_by_type" visibility="protected" complexity="1" crap="1" count="11"/>
        <line num="85" type="stmt" count="11"/>
        <line num="86" type="stmt" count="11"/>
        <line num="88" type="stmt" count="11"/>
        <line num="89" type="stmt" count="11"/>
        <line num="90" type="stmt" count="11"/>
        <line num="93" type="stmt" count="11"/>
        <line num="105" type="method" name="map_meta_by_subtype" visibility="protected" complexity="1" crap="1" count="11"/>
        <line num="106" type="stmt" count="11"/>
        <line num="107" type="stmt" count="11"/>
        <line num="109" type="stmt" count="11"/>
        <line num="110" type="stmt" count="11"/>
        <line num="111" type="stmt" count="11"/>
        <line num="112" type="stmt" count="11"/>
        <line num="128" type="method" name="map_meta_by_key" visibility="protected" complexity="3" crap="3" count="11"/>
        <line num="129" type="stmt" count="11"/>
        <line num="130" type="stmt" count="11"/>
        <line num="132" type="stmt" count="11"/>
        <line num="133" type="stmt" count="11"/>
        <line num="134" type="stmt" count="11"/>
        <line num="135" type="stmt" count="11"/>
        <line num="136" type="stmt" count="11"/>
        <line num="137" type="stmt" count="11"/>
        <line num="138" type="stmt" count="11"/>
        <line num="139" type="stmt" count="11"/>
        <line num="140" type="stmt" count="11"/>
        <line num="141" type="stmt" count="11"/>
        <line num="142" type="stmt" count="11"/>
        <line num="143" type="stmt" count="11"/>
        <line num="144" type="stmt" count="11"/>
        <line num="145" type="stmt" count="11"/>
        <line num="146" type="stmt" count="11"/>
        <line num="147" type="stmt" count="11"/>
        <line num="159" type="method" name="find_post_meta" visibility="public" complexity="3" crap="3" count="2"/>
        <line num="160" type="stmt" count="2"/>
        <line num="161" type="stmt" count="2"/>
        <line num="162" type="stmt" count="2"/>
        <line num="163" type="stmt" count="2"/>
        <line num="164" type="stmt" count="2"/>
        <line num="165" type="stmt" count="2"/>
        <line num="166" type="stmt" count="1"/>
        <line num="167" type="stmt" count="2"/>
        <line num="176" type="method" name="for_post_types" visibility="public" complexity="1" crap="1" count="1"/>
        <line num="177" type="stmt" count="1"/>
        <line num="178" type="stmt" count="1"/>
        <line num="179" type="stmt" count="1"/>
        <line num="180" type="stmt" count="1"/>
        <line num="182" type="stmt" count="1"/>
        <line num="183" type="stmt" count="1"/>
        <line num="194" type="method" name="find_term_meta" visibility="public" complexity="3" crap="3" count="2"/>
        <line num="195" type="stmt" count="2"/>
        <line num="196" type="stmt" count="2"/>
        <line num="197" type="stmt" count="2"/>
        <line num="198" type="stmt" count="2"/>
        <line num="199" type="stmt" count="2"/>
        <line num="200" type="stmt" count="2"/>
        <line num="201" type="stmt" count="1"/>
        <line num="202" type="stmt" count="2"/>
        <line num="211" type="method" name="for_taxonomies" visibility="public" complexity="1" crap="1" count="1"/>
        <line num="212" type="stmt" count="1"/>
        <line num="213" type="stmt" count="1"/>
        <line num="214" type="stmt" count="1"/>
        <line num="215" type="stmt" count="1"/>
        <line num="216" type="stmt" count="1"/>
        <line num="224" type="method" name="find_user_meta" visibility="public" complexity="3" crap="3" count="2"/>
        <line num="225" type="stmt" count="2"/>
        <line num="226" type="stmt" count="2"/>
        <line num="227" type="stmt" count="2"/>
        <line num="228" type="stmt" count="2"/>
        <line num="229" type="stmt" count="2"/>
        <line num="230" type="stmt" count="1"/>
        <line num="231" type="stmt" count="2"/>
        <line num="241" type="method" name="filter" visibility="public" complexity="1" crap="1" count="1"/>
        <line num="242" type="stmt" count="1"/>
        <metrics loc="244" ncloc="143" classes="1" methods="11" coveredmethods="11" conditionals="0" coveredconditionals="0" statements="74" coveredstatements="74" elements="85" coveredelements="85"/>
      </file>
      <file name="/shared/httpd/woo1/htdocs/wp-content/plugins/WPUnit_Helpers/src/WP/WP_Dependencies.php">
        <class name="Gin0115\WPUnit_Helpers\WP\WP_Dependencies" namespace="Gin0115\WPUnit_Helpers\WP" fullPackage="WP">
          <metrics complexity="10" methods="3" coveredmethods="3" conditionals="0" coveredconditionals="0" statements="42" coveredstatements="42" elements="45" coveredelements="45"/>
        </class>
        <line num="39" type="method" name="exception_error_handler" visibility="protected" complexity="2" crap="2" count="1"/>
        <line num="45" type="stmt" count="1"/>
        <line num="50" type="stmt" count="1"/>
        <line num="61" type="method" name="install_remote_plugin_from_zip" visibility="public" complexity="6" crap="6" count="3"/>
        <line num="63" type="stmt" count="3"/>
        <line num="65" type="stmt" count="3"/>
        <line num="66" type="stmt" count="3"/>
        <line num="67" type="stmt" count="3"/>
        <line num="68" type="stmt" count="3"/>
        <line num="69" type="stmt" count="3"/>
        <line num="71" type="stmt" count="3"/>
        <line num="72" type="stmt" count="3"/>
        <line num="73" type="stmt" count="3"/>
        <line num="78" type="stmt" count="3"/>
        <line num="80" type="stmt" count="3"/>
        <line num="81" type="stmt" count="3"/>
        <line num="83" type="stmt" count="2"/>
        <line num="84" type="stmt" count="1"/>
        <line num="85" type="stmt" count="1"/>
        <line num="86" type="stmt" count="1"/>
        <line num="89" type="stmt" count="1"/>
        <line num="90" type="stmt" count="1"/>
        <line num="91" type="stmt" count="1"/>
        <line num="99" type="stmt" count="1"/>
        <line num="100" type="stmt" count="1"/>
        <line num="101" type="stmt" count="1"/>
        <line num="102" type="stmt" count="1"/>
        <line num="111" type="stmt" count="1"/>
        <line num="112" type="stmt" count="1"/>
        <line num="113" type="stmt" count="1"/>
        <line num="114" type="stmt" count="1"/>
        <line num="115" type="stmt" count="1"/>
        <line num="117" type="stmt" count="1"/>
        <line num="118" type="stmt" count="1"/>
        <line num="127" type="method" name="activate_plugin" visibility="public" complexity="2" crap="2" count="1"/>
        <line num="128" type="stmt" count="1"/>
        <line num="129" type="stmt" count="1"/>
        <line num="130" type="stmt" count="1"/>
        <line num="131" type="stmt" count="1"/>
        <line num="132" type="stmt" count="1"/>
        <line num="133" type="stmt" count="1"/>
        <line num="134" type="stmt" count="1"/>
        <line num="135" type="stmt" count="1"/>
        <line num="136" type="stmt" count="1"/>
        <line num="138" type="stmt" count="1"/>
        <metrics loc="141" ncloc="83" classes="1" methods="3" coveredmethods="3" conditionals="0" coveredconditionals="0" statements="42" coveredstatements="42" elements="45" coveredelements="45"/>
      </file>
    </package>
    <package name="Gin0115\WPUnit_Helpers\WP\WP_UnitTestCase">
      <file name="/shared/httpd/woo1/htdocs/wp-content/plugins/WPUnit_Helpers/src/WP/WP_UnitTestCase/Product_Factory_Trait.php">
        <class name="Product_Factory_Trait" namespace="Gin0115\WPUnit_Helpers\WP\WP_UnitTestCase" fullPackage="Product.Factory">
          <metrics complexity="3" methods="1" coveredmethods="1" conditionals="0" coveredconditionals="0" statements="9" coveredstatements="9" elements="10" coveredelements="10"/>
        </class>
        <line num="27" type="method" name="create_simple_product" visibility="public" complexity="3" crap="3" count="1"/>
        <line num="29" type="stmt" count="1"/>
        <line num="32" type="stmt" count="1"/>
        <line num="33" type="stmt" count="1"/>
        <line num="36" type="stmt" count="1"/>
        <line num="37" type="stmt" count="1"/>
        <line num="40" type="stmt" count="1"/>
        <line num="41" type="stmt" count="1"/>
        <line num="44" type="stmt" count="1"/>
        <line num="45" type="stmt" count="1"/>
        <metrics loc="47" ncloc="24" classes="1" methods="1" coveredmethods="1" conditionals="0" coveredconditionals="0" statements="9" coveredstatements="9" elements="10" coveredelements="10"/>
      </file>
      <file name="/shared/httpd/woo1/htdocs/wp-content/plugins/WPUnit_Helpers/src/WP/WP_UnitTestCase/User_Factory_Trait.php">
        <class name="User_Factory_Trait" namespace="Gin0115\WPUnit_Helpers\WP\WP_UnitTestCase" fullPackage="User.Factory">
          <metrics complexity="3" methods="3" coveredmethods="3" conditionals="0" coveredconditionals="0" statements="6" coveredstatements="6" elements="9" coveredelements="9"/>
        </class>
        <line num="24" type="method" name="create_admin_user" visibility="public" complexity="1" crap="1" count="9"/>
        <line num="25" type="stmt" count="9"/>
        <line num="26" type="stmt" count="9"/>
        <line num="34" type="method" name="create_customer_user" visibility="public" complexity="1" crap="1" count="1"/>
        <line num="35" type="stmt" count="1"/>
        <line num="36" type="stmt" count="1"/>
        <line num="44" type="method" name="create_subscriber_user" visibility="public" complexity="1" crap="1" count="2"/>
        <line num="45" type="stmt" count="2"/>
        <line num="46" type="stmt" count="2"/>
        <metrics loc="49" ncloc="27" classes="1" methods="3" coveredmethods="3" conditionals="0" coveredconditionals="0" statements="6" coveredstatements="6" elements="9" coveredelements="9"/>
      </file>
    </package>
    <metrics files="14" loc="1498" ncloc="783" classes="9" methods="52" coveredmethods="50" conditionals="0" coveredconditionals="0" statements="304" coveredstatements="302" elements="356" coveredelements="352"/>
  </project>
</coverage>
